# JRE version: OpenJDK Runtime Environment (11.0.8+10) (build 11.0.8+10-b944.6842174)
# Java VM: OpenJDK 64-Bit Server VM (11.0.8+10-b944.6842174, mixed mode, tiered, compressed oops, g1 gc, windows-amd64)
Heap:
 garbage-first heap   total 762880K, used 150215K [0x0000000080000000, 0x0000000100000000)
  region size 1024K, 19 young (19456K), 19 survivors (19456K)
 Metaspace       used 93139K, capacity 95254K, committed 96000K, reserved 1132544K
  class space    used 11997K, capacity 12768K, committed 13056K, reserved 1048576K
GC Heap History (20 events):
Event: 11.082 GC heap after
{Heap after GC invocations=32 (full 0):
 garbage-first heap   total 272384K, used 132831K [0x0000000080000000, 0x0000000100000000)
  region size 1024K, 5 young (5120K), 5 survivors (5120K)
 Metaspace       used 91968K, capacity 94082K, committed 94720K, reserved 1130496K
  class space    used 11972K, capacity 12755K, committed 13056K, reserved 1048576K
}
Event: 11.334 GC heap before
{Heap before GC invocations=33 (full 0):
 garbage-first heap   total 272384K, used 210655K [0x0000000080000000, 0x0000000100000000)
  region size 1024K, 81 young (82944K), 5 survivors (5120K)
 Metaspace       used 92177K, capacity 94277K, committed 94976K, reserved 1130496K
  class space    used 11974K, capacity 12755K, committed 13056K, reserved 1048576K
}
Event: 11.340 GC heap after
{Heap after GC invocations=34 (full 0):
 garbage-first heap   total 272384K, used 132842K [0x0000000080000000, 0x0000000100000000)
  region size 1024K, 5 young (5120K), 5 survivors (5120K)
 Metaspace       used 92177K, capacity 94277K, committed 94976K, reserved 1130496K
  class space    used 11974K, capacity 12755K, committed 13056K, reserved 1048576K
}
Event: 11.441 GC heap before
{Heap before GC invocations=34 (full 0):
 garbage-first heap   total 272384K, used 214762K [0x0000000080000000, 0x0000000100000000)
  region size 1024K, 85 young (87040K), 5 survivors (5120K)
 Metaspace       used 92298K, capacity 94350K, committed 94976K, reserved 1130496K
  class space    used 11983K, capacity 12758K, committed 13056K, reserved 1048576K
}
Event: 11.447 GC heap after
{Heap after GC invocations=35 (full 0):
 garbage-first heap   total 327680K, used 132782K [0x0000000080000000, 0x0000000100000000)
  region size 1024K, 5 young (5120K), 5 survivors (5120K)
 Metaspace       used 92298K, capacity 94350K, committed 94976K, reserved 1130496K
  class space    used 11983K, capacity 12758K, committed 13056K, reserved 1048576K
}
Event: 11.663 GC heap before
{Heap before GC invocations=36 (full 0):
 garbage-first heap   total 327680K, used 269998K [0x0000000080000000, 0x0000000100000000)
  region size 1024K, 139 young (142336K), 5 survivors (5120K)
 Metaspace       used 92687K, capacity 94747K, committed 95488K, reserved 1132544K
  class space    used 11987K, capacity 12758K, committed 13056K, reserved 1048576K
}
Event: 11.670 GC heap after
{Heap after GC invocations=37 (full 0):
 garbage-first heap   total 327680K, used 133594K [0x0000000080000000, 0x0000000100000000)
  region size 1024K, 6 young (6144K), 6 survivors (6144K)
 Metaspace       used 92687K, capacity 94747K, committed 95488K, reserved 1132544K
  class space    used 11987K, capacity 12758K, committed 13056K, reserved 1048576K
}
Event: 11.798 GC heap before
{Heap before GC invocations=37 (full 0):
 garbage-first heap   total 327680K, used 270810K [0x0000000080000000, 0x0000000100000000)
  region size 1024K, 140 young (143360K), 6 survivors (6144K)
 Metaspace       used 92818K, capacity 94913K, committed 95488K, reserved 1132544K
  class space    used 11994K, capacity 12766K, committed 13056K, reserved 1048576K
}
Event: 11.804 GC heap after
{Heap after GC invocations=38 (full 0):
 garbage-first heap   total 327680K, used 135287K [0x0000000080000000, 0x0000000100000000)
  region size 1024K, 7 young (7168K), 7 survivors (7168K)
 Metaspace       used 92818K, capacity 94913K, committed 95488K, reserved 1132544K
  class space    used 11994K, capacity 12766K, committed 13056K, reserved 1048576K
}
Event: 11.944 GC heap before
{Heap before GC invocations=38 (full 0):
 garbage-first heap   total 327680K, used 275575K [0x0000000080000000, 0x0000000100000000)
  region size 1024K, 144 young (147456K), 7 survivors (7168K)
 Metaspace       used 92964K, capacity 94992K, committed 95744K, reserved 1132544K
  class space    used 11996K, capacity 12767K, committed 13056K, reserved 1048576K
}
Event: 11.960 GC heap after
{Heap after GC invocations=39 (full 0):
 garbage-first heap   total 327680K, used 136814K [0x0000000080000000, 0x0000000100000000)
  region size 1024K, 9 young (9216K), 9 survivors (9216K)
 Metaspace       used 92964K, capacity 94992K, committed 95744K, reserved 1132544K
  class space    used 11996K, capacity 12767K, committed 13056K, reserved 1048576K
}
Event: 12.288 GC heap before
{Heap before GC invocations=39 (full 0):
 garbage-first heap   total 327680K, used 276078K [0x0000000080000000, 0x0000000100000000)
  region size 1024K, 145 young (148480K), 9 survivors (9216K)
 Metaspace       used 93027K, capacity 95058K, committed 95744K, reserved 1132544K
  class space    used 11996K, capacity 12767K, committed 13056K, reserved 1048576K
}
Event: 12.300 GC heap after
{Heap after GC invocations=40 (full 0):
 garbage-first heap   total 429056K, used 138594K [0x0000000080000000, 0x0000000100000000)
  region size 1024K, 11 young (11264K), 11 survivors (11264K)
 Metaspace       used 93027K, capacity 95058K, committed 95744K, reserved 1132544K
  class space    used 11996K, capacity 12767K, committed 13056K, reserved 1048576K
}
Event: 12.689 GC heap before
{Heap before GC invocations=40 (full 0):
 garbage-first heap   total 429056K, used 313698K [0x0000000080000000, 0x0000000100000000)
  region size 1024K, 183 young (187392K), 11 survivors (11264K)
 Metaspace       used 93066K, capacity 95188K, committed 95744K, reserved 1132544K
  class space    used 11997K, capacity 12768K, committed 13056K, reserved 1048576K
}
Event: 12.703 GC heap after
{Heap after GC invocations=41 (full 0):
 garbage-first heap   total 429056K, used 140683K [0x0000000080000000, 0x0000000100000000)
  region size 1024K, 13 young (13312K), 13 survivors (13312K)
 Metaspace       used 93066K, capacity 95188K, committed 95744K, reserved 1132544K
  class space    used 11997K, capacity 12768K, committed 13056K, reserved 1048576K
}
Event: 13.019 GC heap before
{Heap before GC invocations=41 (full 0):
 garbage-first heap   total 429056K, used 370059K [0x0000000080000000, 0x0000000100000000)
  region size 1024K, 238 young (243712K), 13 survivors (13312K)
 Metaspace       used 93103K, capacity 95190K, committed 95744K, reserved 1132544K
  class space    used 11997K, capacity 12768K, committed 13056K, reserved 1048576K
}
Event: 13.038 GC heap after
{Heap after GC invocations=42 (full 0):
 garbage-first heap   total 429056K, used 144071K [0x0000000080000000, 0x0000000100000000)
  region size 1024K, 16 young (16384K), 16 survivors (16384K)
 Metaspace       used 93103K, capacity 95190K, committed 95744K, reserved 1132544K
  class space    used 11997K, capacity 12768K, committed 13056K, reserved 1048576K
}
Event: 13.330 GC heap before
{Heap before GC invocations=42 (full 0):
 garbage-first heap   total 429056K, used 367303K [0x0000000080000000, 0x0000000100000000)
  region size 1024K, 235 young (240640K), 16 survivors (16384K)
 Metaspace       used 93125K, capacity 95190K, committed 95744K, reserved 1132544K
  class space    used 11997K, capacity 12768K, committed 13056K, reserved 1048576K
}
Event: 13.419 GC heap after
{Heap after GC invocations=43 (full 0):
 garbage-first heap   total 429056K, used 146938K [0x0000000080000000, 0x0000000100000000)
  region size 1024K, 19 young (19456K), 19 survivors (19456K)
 Metaspace       used 93125K, capacity 95190K, committed 95744K, reserved 1132544K
  class space    used 11997K, capacity 12768K, committed 13056K, reserved 1048576K
}
Event: 13.761 GC heap before
{Heap before GC invocations=43 (full 0):
 garbage-first heap   total 429056K, used 365050K [0x0000000080000000, 0x0000000100000000)
  region size 1024K, 232 young (237568K), 19 survivors (19456K)
 Metaspace       used 93139K, capacity 95254K, committed 96000K, reserved 1132544K
  class space    used 11997K, capacity 12768K, committed 13056K, reserved 1048576K
}

