# JRE version: OpenJDK Runtime Environment (11.0.8+10) (build 11.0.8+10-b944.6842174)
# Java VM: OpenJDK 64-Bit Server VM (11.0.8+10-b944.6842174, mixed mode, tiered, compressed oops, g1 gc, windows-amd64)
Heap:
 garbage-first heap   total 482304K, used 186566K [0x0000000080000000, 0x0000000100000000)
  region size 1024K, 2 young (2048K), 2 survivors (2048K)
 Metaspace       used 144870K, capacity 148781K, committed 149120K, reserved 1179648K
  class space    used 17543K, capacity 18908K, committed 19072K, reserved 1048576K
GC Heap History (20 events):
Event: 9142.627 GC heap after
{Heap after GC invocations=95 (full 0):
 garbage-first heap   total 398336K, used 184497K [0x0000000080000000, 0x0000000100000000)
  region size 1024K, 3 young (3072K), 3 survivors (3072K)
 Metaspace       used 143940K, capacity 147916K, committed 148096K, reserved 1177600K
  class space    used 17578K, capacity 18956K, committed 19072K, reserved 1048576K
}
Event: 9143.022 GC heap before
{Heap before GC invocations=96 (full 0):
 garbage-first heap   total 398336K, used 326833K [0x0000000080000000, 0x0000000100000000)
  region size 1024K, 143 young (146432K), 3 survivors (3072K)
 Metaspace       used 144139K, capacity 148061K, committed 148608K, reserved 1179648K
  class space    used 17527K, capacity 18864K, committed 19072K, reserved 1048576K
}
Event: 9143.029 GC heap after
{Heap after GC invocations=97 (full 0):
 garbage-first heap   total 398336K, used 184763K [0x0000000080000000, 0x0000000100000000)
  region size 1024K, 3 young (3072K), 3 survivors (3072K)
 Metaspace       used 144139K, capacity 148061K, committed 148608K, reserved 1179648K
  class space    used 17527K, capacity 18864K, committed 19072K, reserved 1048576K
}
Event: 9143.051 GC heap before
{Heap before GC invocations=97 (full 0):
 garbage-first heap   total 398336K, used 201147K [0x0000000080000000, 0x0000000100000000)
  region size 1024K, 19 young (19456K), 3 survivors (3072K)
 Metaspace       used 144166K, capacity 148126K, committed 148608K, reserved 1179648K
  class space    used 17527K, capacity 18864K, committed 19072K, reserved 1048576K
}
Event: 9143.060 GC heap after
{Heap after GC invocations=98 (full 0):
 garbage-first heap   total 398336K, used 182680K [0x0000000080000000, 0x0000000100000000)
  region size 1024K, 1 young (1024K), 1 survivors (1024K)
 Metaspace       used 144166K, capacity 148126K, committed 148608K, reserved 1179648K
  class space    used 17527K, capacity 18864K, committed 19072K, reserved 1048576K
}
Event: 9143.192 GC heap before
{Heap before GC invocations=98 (full 0):
 garbage-first heap   total 398336K, used 331160K [0x0000000080000000, 0x0000000100000000)
  region size 1024K, 146 young (149504K), 1 survivors (1024K)
 Metaspace       used 144340K, capacity 148280K, committed 148864K, reserved 1179648K
  class space    used 17532K, capacity 18869K, committed 19072K, reserved 1048576K
}
Event: 9143.199 GC heap after
{Heap after GC invocations=99 (full 0):
 garbage-first heap   total 398336K, used 186212K [0x0000000080000000, 0x0000000100000000)
  region size 1024K, 5 young (5120K), 5 survivors (5120K)
 Metaspace       used 144340K, capacity 148280K, committed 148864K, reserved 1179648K
  class space    used 17532K, capacity 18869K, committed 19072K, reserved 1048576K
}
Event: 9143.425 GC heap before
{Heap before GC invocations=99 (full 0):
 garbage-first heap   total 398336K, used 333668K [0x0000000080000000, 0x0000000100000000)
  region size 1024K, 149 young (152576K), 5 survivors (5120K)
 Metaspace       used 144544K, capacity 148456K, committed 148864K, reserved 1179648K
  class space    used 17537K, capacity 18901K, committed 19072K, reserved 1048576K
}
Event: 9143.429 GC heap after
{Heap after GC invocations=100 (full 0):
 garbage-first heap   total 398336K, used 186337K [0x0000000080000000, 0x0000000100000000)
  region size 1024K, 5 young (5120K), 5 survivors (5120K)
 Metaspace       used 144544K, capacity 148456K, committed 148864K, reserved 1179648K
  class space    used 17537K, capacity 18901K, committed 19072K, reserved 1048576K
}
Event: 9143.569 GC heap before
{Heap before GC invocations=101 (full 0):
 garbage-first heap   total 398336K, used 335841K [0x0000000080000000, 0x0000000100000000)
  region size 1024K, 152 young (155648K), 5 survivors (5120K)
 Metaspace       used 144601K, capacity 148527K, committed 148864K, reserved 1179648K
  class space    used 17537K, capacity 18901K, committed 19072K, reserved 1048576K
}
Event: 9143.574 GC heap after
{Heap after GC invocations=102 (full 0):
 garbage-first heap   total 398336K, used 187626K [0x0000000080000000, 0x0000000100000000)
  region size 1024K, 6 young (6144K), 6 survivors (6144K)
 Metaspace       used 144601K, capacity 148527K, committed 148864K, reserved 1179648K
  class space    used 17537K, capacity 18901K, committed 19072K, reserved 1048576K
}
Event: 9143.585 GC heap before
{Heap before GC invocations=102 (full 0):
 garbage-first heap   total 398336K, used 200938K [0x0000000080000000, 0x0000000100000000)
  region size 1024K, 19 young (19456K), 6 survivors (6144K)
 Metaspace       used 144614K, capacity 148529K, committed 148864K, reserved 1179648K
  class space    used 17537K, capacity 18901K, committed 19072K, reserved 1048576K
}
Event: 9143.605 GC heap after
{Heap after GC invocations=103 (full 0):
 garbage-first heap   total 398336K, used 183869K [0x0000000080000000, 0x0000000100000000)
  region size 1024K, 2 young (2048K), 2 survivors (2048K)
 Metaspace       used 144614K, capacity 148529K, committed 148864K, reserved 1179648K
  class space    used 17537K, capacity 18901K, committed 19072K, reserved 1048576K
}
Event: 9143.736 GC heap before
{Heap before GC invocations=103 (full 0):
 garbage-first heap   total 398336K, used 337469K [0x0000000080000000, 0x0000000100000000)
  region size 1024K, 152 young (155648K), 2 survivors (2048K)
 Metaspace       used 144646K, capacity 148595K, committed 149120K, reserved 1179648K
  class space    used 17537K, capacity 18901K, committed 19072K, reserved 1048576K
}
Event: 9143.742 GC heap after
{Heap after GC invocations=104 (full 0):
 garbage-first heap   total 398336K, used 185309K [0x0000000080000000, 0x0000000100000000)
  region size 1024K, 3 young (3072K), 3 survivors (3072K)
 Metaspace       used 144646K, capacity 148595K, committed 149120K, reserved 1179648K
  class space    used 17537K, capacity 18901K, committed 19072K, reserved 1048576K
}
Event: 9144.014 GC heap before
{Heap before GC invocations=104 (full 0):
 garbage-first heap   total 398336K, used 339933K [0x0000000080000000, 0x0000000100000000)
  region size 1024K, 154 young (157696K), 3 survivors (3072K)
 Metaspace       used 144727K, capacity 148682K, committed 149120K, reserved 1179648K
  class space    used 17540K, capacity 18906K, committed 19072K, reserved 1048576K
}
Event: 9144.020 GC heap after
{Heap after GC invocations=105 (full 0):
 garbage-first heap   total 398336K, used 188331K [0x0000000080000000, 0x0000000100000000)
  region size 1024K, 6 young (6144K), 6 survivors (6144K)
 Metaspace       used 144727K, capacity 148682K, committed 149120K, reserved 1179648K
  class space    used 17540K, capacity 18906K, committed 19072K, reserved 1048576K
}
Event: 9144.187 GC heap before
{Heap before GC invocations=106 (full 0):
 garbage-first heap   total 398336K, used 340907K [0x0000000080000000, 0x0000000100000000)
  region size 1024K, 155 young (158720K), 6 survivors (6144K)
 Metaspace       used 144869K, capacity 148781K, committed 149120K, reserved 1179648K
  class space    used 17543K, capacity 18908K, committed 19072K, reserved 1048576K
}
Event: 9144.194 GC heap after
{Heap after GC invocations=107 (full 0):
 garbage-first heap   total 398336K, used 190136K [0x0000000080000000, 0x0000000100000000)
  region size 1024K, 8 young (8192K), 8 survivors (8192K)
 Metaspace       used 144869K, capacity 148781K, committed 149120K, reserved 1179648K
  class space    used 17543K, capacity 18908K, committed 19072K, reserved 1048576K
}
Event: 9144.205 GC heap before
{Heap before GC invocations=107 (full 0):
 garbage-first heap   total 398336K, used 201400K [0x0000000080000000, 0x0000000100000000)
  region size 1024K, 19 young (19456K), 8 survivors (8192K)
 Metaspace       used 144870K, capacity 148781K, committed 149120K, reserved 1179648K
  class space    used 17543K, capacity 18908K, committed 19072K, reserved 1048576K
}

